============================= test session starts =============================
platform win32 -- Python 3.13.9, pytest-9.0.2, pluggy-1.6.0 -- E:\Synapse_KL\backend\.venv\Scripts\python.exe
cachedir: .pytest_cache
rootdir: E:\Synapse_KL\backend
configfile: pyproject.toml
plugins: anyio-4.12.0, asyncio-1.3.0
asyncio: mode=Mode.STRICT, debug=False, asyncio_default_fixture_loop_scope=None, asyncio_default_test_loop_scope=function
collecting ... collected 3 items

tests/test_services.py::test_service_lifecycle PASSED                    [ 33%]
tests/test_services.py::test_service_delete_integrity PASSED             [ 66%]
tests/test_services.py::test_service_usage_duration_update PASSED        [100%]

============================== 3 passed in 0.21s ==============================
